<?xml version="1.0" encoding="utf-8"?><testsuites><testsuite name="pytest" errors="0" failures="0" skipped="0" tests="13" time="0.293" timestamp="2024-04-21T03:28:23.117703" hostname="AYRLFPD2PH9"><testcase classname="test_collisions.test_plane" name="test_vector_class" time="0.001" /><testcase classname="test_collisions.test_plane" name="test_normal_obj" time="0.001" /><testcase classname="test_collisions.test_plane" name="test_plane" time="0.001" /><testcase classname="test_collisions.test_plane" name="test_polygon" time="0.001" /><testcase classname="test_collisions.test_plane" name="test_polygon_subclass_capacity" time="0.001" /><testcase classname="test_collisions.test_polygon_tests" name="test_intersecting_segment" time="0.001" /><testcase classname="test_collisions.test_polygon_tests" name="test_vector_classifications" time="0.002" /><testcase classname="test_collisions.test_polygon_tests" name="test_classify_polygon_to_plane" time="0.002" /><testcase classname="test_collisions.test_polygon_tests" name="test_picking_split_plane" time="0.005" /><testcase classname="test_collisions.test_polygon_tests" name="test_polygon_split" time="0.002" /><testcase classname="test_collisions.test_polygon_tests" name="test_point_bounded_by_polygon" time="0.012" /><testcase classname="test_collisions.test_polygon_tests" name="test_polygon_orientation" time="0.001" /><testcase classname="test_collisions.test_polygon_tests" name="test_bsp_tree" time="0.033" /></testsuite></testsuites>