<?xml version="1.0" encoding="utf-8"?><testsuites><testsuite name="pytest" errors="0" failures="0" skipped="0" tests="13" time="0.414" timestamp="2024-03-12T13:45:34.516189" hostname="levin"><testcase classname="tests.test_attributes" name="test_attribute" time="0.003" /><testcase classname="tests.test_component" name="test_component_implementation" time="0.006" /><testcase classname="tests.test_component_buffer" name="test_frame_not_found" time="0.001" /><testcase classname="tests.test_component_buffer" name="test_frame_prepend" time="0.002" /><testcase classname="tests.test_component_buffer" name="test_head_update" time="0.005" /><testcase classname="tests.test_component_buffer" name="test_remove" time="0.004" /><testcase classname="tests.test_component_buffer" name="test_pop" time="0.008" /><testcase classname="tests.test_component_buffer" name="test_peek" time="0.004" /><testcase classname="tests.test_entity" name="test_entity" time="0.022" /><testcase classname="tests.test_main" name="test_main_succeeds" time="0.005" /><testcase classname="tests.test_queue_buffer" name="test_queue" time="0.003" /><testcase classname="tests.test_system" name="test_builtin_movement" time="0.035" /><testcase classname="tests.test_system" name="test_observable_component" time="0.001" /></testsuite></testsuites>