<?xml version="1.0" encoding="utf-8"?><testsuites><testsuite name="pytest" errors="0" failures="0" skipped="0" tests="6" time="0.168" timestamp="2024-04-18T18:24:05.130676" hostname="AYRLFPD2PH9"><testcase classname="test_collisions.test_plane" name="test_vector_class" time="0.001" /><testcase classname="test_collisions.test_plane" name="test_normal_obj" time="0.001" /><testcase classname="test_collisions.test_plane" name="test_plane" time="0.002" /><testcase classname="test_collisions.test_plane" name="test_polygon" time="0.001" /><testcase classname="test_collisions.test_plane" name="test_polygon_subclass_capacity" time="0.000" /><testcase classname="test_collisions.test_polygon_tests" name="test_intersecting_segment" time="0.002" /></testsuite></testsuites>